<?xml version="1.0" encoding="UTF-8"?>
<testsuite xmlns:xsi="http://www.w3.org/2001/XMLSchema-instance" xsi:noNamespaceSchemaLocation="https://maven.apache.org/surefire/maven-surefire-plugin/xsd/surefire-test-report.xsd" version="3.0.2" name="com.map.metahive.MetaHiveApplicationTests" time="1.53" tests="1" errors="0" skipped="0" failures="0">
  <properties>
    <property name="java.specification.version" value="21"/>
    <property name="sun.jnu.encoding" value="UTF-8"/>
    <property name="java.class.path" value="/Users/md.saidurrahmansagor/Developments/code-warriors-/project/backend/multiplayer-map-service/target/test-classes:/Users/md.saidurrahmansagor/Developments/code-warriors-/project/backend/multiplayer-map-service/target/classes:/Users/md.saidurrahmansagor/.m2/repository/org/springframework/boot/spring-boot-starter-web/3.4.0/spring-boot-starter-web-3.4.0.jar:/Users/md.saidurrahmansagor/.m2/repository/org/springframework/boot/spring-boot-starter/3.4.0/spring-boot-starter-3.4.0.jar:/Users/md.saidurrahmansagor/.m2/repository/org/springframework/boot/spring-boot/3.4.0/spring-boot-3.4.0.jar:/Users/md.saidurrahmansagor/.m2/repository/org/springframework/boot/spring-boot-autoconfigure/3.4.0/spring-boot-autoconfigure-3.4.0.jar:/Users/md.saidurrahmansagor/.m2/repository/org/springframework/boot/spring-boot-starter-logging/3.4.0/spring-boot-starter-logging-3.4.0.jar:/Users/md.saidurrahmansagor/.m2/repository/ch/qos/logback/logback-classic/1.5.12/logback-classic-1.5.12.jar:/Users/md.saidurrahmansagor/.m2/repository/ch/qos/logback/logback-core/1.5.12/logback-core-1.5.12.jar:/Users/md.saidurrahmansagor/.m2/repository/org/apache/logging/log4j/log4j-to-slf4j/2.24.1/log4j-to-slf4j-2.24.1.jar:/Users/md.saidurrahmansagor/.m2/repository/org/apache/logging/log4j/log4j-api/2.24.1/log4j-api-2.24.1.jar:/Users/md.saidurrahmansagor/.m2/repository/org/slf4j/jul-to-slf4j/2.0.16/jul-to-slf4j-2.0.16.jar:/Users/md.saidurrahmansagor/.m2/repository/jakarta/annotation/jakarta.annotation-api/2.1.1/jakarta.annotation-api-2.1.1.jar:/Users/md.saidurrahmansagor/.m2/repository/org/yaml/snakeyaml/2.3/snakeyaml-2.3.jar:/Users/md.saidurrahmansagor/.m2/repository/org/springframework/boot/spring-boot-starter-json/3.4.0/spring-boot-starter-json-3.4.0.jar:/Users/md.saidurrahmansagor/.m2/repository/com/fasterxml/jackson/core/jackson-databind/2.18.1/jackson-databind-2.18.1.jar:/Users/md.saidurrahmansagor/.m2/repository/com/fasterxml/jackson/core/jackson-annotations/2.18.1/jackson-annotations-2.18.1.jar:/Users/md.saidurrahmansagor/.m2/repository/com/fasterxml/jackson/core/jackson-core/2.18.1/jackson-core-2.18.1.jar:/Users/md.saidurrahmansagor/.m2/repository/com/fasterxml/jackson/datatype/jackson-datatype-jdk8/2.18.1/jackson-datatype-jdk8-2.18.1.jar:/Users/md.saidurrahmansagor/.m2/repository/com/fasterxml/jackson/datatype/jackson-datatype-jsr310/2.18.1/jackson-datatype-jsr310-2.18.1.jar:/Users/md.saidurrahmansagor/.m2/repository/com/fasterxml/jackson/module/jackson-module-parameter-names/2.18.1/jackson-module-parameter-names-2.18.1.jar:/Users/md.saidurrahmansagor/.m2/repository/org/springframework/boot/spring-boot-starter-tomcat/3.4.0/spring-boot-starter-tomcat-3.4.0.jar:/Users/md.saidurrahmansagor/.m2/repository/org/apache/tomcat/embed/tomcat-embed-core/10.1.33/tomcat-embed-core-10.1.33.jar:/Users/md.saidurrahmansagor/.m2/repository/org/apache/tomcat/embed/tomcat-embed-el/10.1.33/tomcat-embed-el-10.1.33.jar:/Users/md.saidurrahmansagor/.m2/repository/org/apache/tomcat/embed/tomcat-embed-websocket/10.1.33/tomcat-embed-websocket-10.1.33.jar:/Users/md.saidurrahmansagor/.m2/repository/org/springframework/spring-web/6.2.0/spring-web-6.2.0.jar:/Users/md.saidurrahmansagor/.m2/repository/io/micrometer/micrometer-observation/1.14.1/micrometer-observation-1.14.1.jar:/Users/md.saidurrahmansagor/.m2/repository/io/micrometer/micrometer-commons/1.14.1/micrometer-commons-1.14.1.jar:/Users/md.saidurrahmansagor/.m2/repository/org/springframework/spring-webmvc/6.2.0/spring-webmvc-6.2.0.jar:/Users/md.saidurrahmansagor/.m2/repository/org/springframework/spring-aop/6.2.0/spring-aop-6.2.0.jar:/Users/md.saidurrahmansagor/.m2/repository/org/springframework/spring-context/6.2.0/spring-context-6.2.0.jar:/Users/md.saidurrahmansagor/.m2/repository/org/springframework/spring-expression/6.2.0/spring-expression-6.2.0.jar:/Users/md.saidurrahmansagor/.m2/repository/org/springframework/boot/spring-boot-starter-websocket/3.4.0/spring-boot-starter-websocket-3.4.0.jar:/Users/md.saidurrahmansagor/.m2/repository/org/springframework/spring-messaging/6.2.0/spring-messaging-6.2.0.jar:/Users/md.saidurrahmansagor/.m2/repository/org/springframework/spring-websocket/6.2.0/spring-websocket-6.2.0.jar:/Users/md.saidurrahmansagor/.m2/repository/org/springframework/boot/spring-boot-starter-test/3.4.0/spring-boot-starter-test-3.4.0.jar:/Users/md.saidurrahmansagor/.m2/repository/org/springframework/boot/spring-boot-test/3.4.0/spring-boot-test-3.4.0.jar:/Users/md.saidurrahmansagor/.m2/repository/org/springframework/boot/spring-boot-test-autoconfigure/3.4.0/spring-boot-test-autoconfigure-3.4.0.jar:/Users/md.saidurrahmansagor/.m2/repository/com/jayway/jsonpath/json-path/2.9.0/json-path-2.9.0.jar:/Users/md.saidurrahmansagor/.m2/repository/org/slf4j/slf4j-api/2.0.16/slf4j-api-2.0.16.jar:/Users/md.saidurrahmansagor/.m2/repository/jakarta/xml/bind/jakarta.xml.bind-api/4.0.2/jakarta.xml.bind-api-4.0.2.jar:/Users/md.saidurrahmansagor/.m2/repository/jakarta/activation/jakarta.activation-api/2.1.3/jakarta.activation-api-2.1.3.jar:/Users/md.saidurrahmansagor/.m2/repository/net/minidev/json-smart/2.5.1/json-smart-2.5.1.jar:/Users/md.saidurrahmansagor/.m2/repository/net/minidev/accessors-smart/2.5.1/accessors-smart-2.5.1.jar:/Users/md.saidurrahmansagor/.m2/repository/org/ow2/asm/asm/9.6/asm-9.6.jar:/Users/md.saidurrahmansagor/.m2/repository/org/assertj/assertj-core/3.26.3/assertj-core-3.26.3.jar:/Users/md.saidurrahmansagor/.m2/repository/net/bytebuddy/byte-buddy/1.15.10/byte-buddy-1.15.10.jar:/Users/md.saidurrahmansagor/.m2/repository/org/awaitility/awaitility/4.2.2/awaitility-4.2.2.jar:/Users/md.saidurrahmansagor/.m2/repository/org/hamcrest/hamcrest/2.2/hamcrest-2.2.jar:/Users/md.saidurrahmansagor/.m2/repository/org/junit/jupiter/junit-jupiter/5.11.3/junit-jupiter-5.11.3.jar:/Users/md.saidurrahmansagor/.m2/repository/org/junit/jupiter/junit-jupiter-api/5.11.3/junit-jupiter-api-5.11.3.jar:/Users/md.saidurrahmansagor/.m2/repository/org/opentest4j/opentest4j/1.3.0/opentest4j-1.3.0.jar:/Users/md.saidurrahmansagor/.m2/repository/org/junit/platform/junit-platform-commons/1.11.3/junit-platform-commons-1.11.3.jar:/Users/md.saidurrahmansagor/.m2/repository/org/apiguardian/apiguardian-api/1.1.2/apiguardian-api-1.1.2.jar:/Users/md.saidurrahmansagor/.m2/repository/org/junit/jupiter/junit-jupiter-params/5.11.3/junit-jupiter-params-5.11.3.jar:/Users/md.saidurrahmansagor/.m2/repository/org/junit/jupiter/junit-jupiter-engine/5.11.3/junit-jupiter-engine-5.11.3.jar:/Users/md.saidurrahmansagor/.m2/repository/org/junit/platform/junit-platform-engine/1.11.3/junit-platform-engine-1.11.3.jar:/Users/md.saidurrahmansagor/.m2/repository/org/mockito/mockito-core/5.14.2/mockito-core-5.14.2.jar:/Users/md.saidurrahmansagor/.m2/repository/net/bytebuddy/byte-buddy-agent/1.15.10/byte-buddy-agent-1.15.10.jar:/Users/md.saidurrahmansagor/.m2/repository/org/objenesis/objenesis/3.3/objenesis-3.3.jar:/Users/md.saidurrahmansagor/.m2/repository/org/mockito/mockito-junit-jupiter/5.14.2/mockito-junit-jupiter-5.14.2.jar:/Users/md.saidurrahmansagor/.m2/repository/org/skyscreamer/jsonassert/1.5.3/jsonassert-1.5.3.jar:/Users/md.saidurrahmansagor/.m2/repository/com/vaadin/external/google/android-json/0.0.20131108.vaadin1/android-json-0.0.20131108.vaadin1.jar:/Users/md.saidurrahmansagor/.m2/repository/org/springframework/spring-core/6.2.0/spring-core-6.2.0.jar:/Users/md.saidurrahmansagor/.m2/repository/org/springframework/spring-jcl/6.2.0/spring-jcl-6.2.0.jar:/Users/md.saidurrahmansagor/.m2/repository/org/springframework/spring-test/6.2.0/spring-test-6.2.0.jar:/Users/md.saidurrahmansagor/.m2/repository/org/xmlunit/xmlunit-core/2.10.0/xmlunit-core-2.10.0.jar:/Users/md.saidurrahmansagor/.m2/repository/org/springframework/spring-beans/6.2.1/spring-beans-6.2.1.jar:"/>
    <property name="java.vm.vendor" value="Oracle Corporation"/>
    <property name="sun.arch.data.model" value="64"/>
    <property name="java.vendor.url" value="https://java.oracle.com/"/>
    <property name="user.timezone" value="Asia/Dhaka"/>
    <property name="os.name" value="Mac OS X"/>
    <property name="java.vm.specification.version" value="21"/>
    <property name="APPLICATION_NAME" value="MetaHive"/>
    <property name="sun.java.launcher" value="SUN_STANDARD"/>
    <property name="user.country" value="US"/>
    <property name="sun.boot.library.path" value="/Library/Java/JavaVirtualMachines/jdk-21.jdk/Contents/Home/lib"/>
    <property name="sun.java.command" value="/Users/md.saidurrahmansagor/Developments/code-warriors-/project/backend/multiplayer-map-service/target/surefire/surefirebooter-20250426002847845_3.jar /Users/md.saidurrahmansagor/Developments/code-warriors-/project/backend/multiplayer-map-service/target/surefire 2025-04-26T00-28-47_779-jvmRun1 surefire-20250426002847845_1tmp surefire_0-20250426002847845_2tmp"/>
    <property name="http.nonProxyHosts" value="local|*.local|169.254/16|*.169.254/16"/>
    <property name="jdk.debug" value="release"/>
    <property name="surefire.test.class.path" value="/Users/md.saidurrahmansagor/Developments/code-warriors-/project/backend/multiplayer-map-service/target/test-classes:/Users/md.saidurrahmansagor/Developments/code-warriors-/project/backend/multiplayer-map-service/target/classes:/Users/md.saidurrahmansagor/.m2/repository/org/springframework/boot/spring-boot-starter-web/3.4.0/spring-boot-starter-web-3.4.0.jar:/Users/md.saidurrahmansagor/.m2/repository/org/springframework/boot/spring-boot-starter/3.4.0/spring-boot-starter-3.4.0.jar:/Users/md.saidurrahmansagor/.m2/repository/org/springframework/boot/spring-boot/3.4.0/spring-boot-3.4.0.jar:/Users/md.saidurrahmansagor/.m2/repository/org/springframework/boot/spring-boot-autoconfigure/3.4.0/spring-boot-autoconfigure-3.4.0.jar:/Users/md.saidurrahmansagor/.m2/repository/org/springframework/boot/spring-boot-starter-logging/3.4.0/spring-boot-starter-logging-3.4.0.jar:/Users/md.saidurrahmansagor/.m2/repository/ch/qos/logback/logback-classic/1.5.12/logback-classic-1.5.12.jar:/Users/md.saidurrahmansagor/.m2/repository/ch/qos/logback/logback-core/1.5.12/logback-core-1.5.12.jar:/Users/md.saidurrahmansagor/.m2/repository/org/apache/logging/log4j/log4j-to-slf4j/2.24.1/log4j-to-slf4j-2.24.1.jar:/Users/md.saidurrahmansagor/.m2/repository/org/apache/logging/log4j/log4j-api/2.24.1/log4j-api-2.24.1.jar:/Users/md.saidurrahmansagor/.m2/repository/org/slf4j/jul-to-slf4j/2.0.16/jul-to-slf4j-2.0.16.jar:/Users/md.saidurrahmansagor/.m2/repository/jakarta/annotation/jakarta.annotation-api/2.1.1/jakarta.annotation-api-2.1.1.jar:/Users/md.saidurrahmansagor/.m2/repository/org/yaml/snakeyaml/2.3/snakeyaml-2.3.jar:/Users/md.saidurrahmansagor/.m2/repository/org/springframework/boot/spring-boot-starter-json/3.4.0/spring-boot-starter-json-3.4.0.jar:/Users/md.saidurrahmansagor/.m2/repository/com/fasterxml/jackson/core/jackson-databind/2.18.1/jackson-databind-2.18.1.jar:/Users/md.saidurrahmansagor/.m2/repository/com/fasterxml/jackson/core/jackson-annotations/2.18.1/jackson-annotations-2.18.1.jar:/Users/md.saidurrahmansagor/.m2/repository/com/fasterxml/jackson/core/jackson-core/2.18.1/jackson-core-2.18.1.jar:/Users/md.saidurrahmansagor/.m2/repository/com/fasterxml/jackson/datatype/jackson-datatype-jdk8/2.18.1/jackson-datatype-jdk8-2.18.1.jar:/Users/md.saidurrahmansagor/.m2/repository/com/fasterxml/jackson/datatype/jackson-datatype-jsr310/2.18.1/jackson-datatype-jsr310-2.18.1.jar:/Users/md.saidurrahmansagor/.m2/repository/com/fasterxml/jackson/module/jackson-module-parameter-names/2.18.1/jackson-module-parameter-names-2.18.1.jar:/Users/md.saidurrahmansagor/.m2/repository/org/springframework/boot/spring-boot-starter-tomcat/3.4.0/spring-boot-starter-tomcat-3.4.0.jar:/Users/md.saidurrahmansagor/.m2/repository/org/apache/tomcat/embed/tomcat-embed-core/10.1.33/tomcat-embed-core-10.1.33.jar:/Users/md.saidurrahmansagor/.m2/repository/org/apache/tomcat/embed/tomcat-embed-el/10.1.33/tomcat-embed-el-10.1.33.jar:/Users/md.saidurrahmansagor/.m2/repository/org/apache/tomcat/embed/tomcat-embed-websocket/10.1.33/tomcat-embed-websocket-10.1.33.jar:/Users/md.saidurrahmansagor/.m2/repository/org/springframework/spring-web/6.2.0/spring-web-6.2.0.jar:/Users/md.saidurrahmansagor/.m2/repository/io/micrometer/micrometer-observation/1.14.1/micrometer-observation-1.14.1.jar:/Users/md.saidurrahmansagor/.m2/repository/io/micrometer/micrometer-commons/1.14.1/micrometer-commons-1.14.1.jar:/Users/md.saidurrahmansagor/.m2/repository/org/springframework/spring-webmvc/6.2.0/spring-webmvc-6.2.0.jar:/Users/md.saidurrahmansagor/.m2/repository/org/springframework/spring-aop/6.2.0/spring-aop-6.2.0.jar:/Users/md.saidurrahmansagor/.m2/repository/org/springframework/spring-context/6.2.0/spring-context-6.2.0.jar:/Users/md.saidurrahmansagor/.m2/repository/org/springframework/spring-expression/6.2.0/spring-expression-6.2.0.jar:/Users/md.saidurrahmansagor/.m2/repository/org/springframework/boot/spring-boot-starter-websocket/3.4.0/spring-boot-starter-websocket-3.4.0.jar:/Users/md.saidurrahmansagor/.m2/repository/org/springframework/spring-messaging/6.2.0/spring-messaging-6.2.0.jar:/Users/md.saidurrahmansagor/.m2/repository/org/springframework/spring-websocket/6.2.0/spring-websocket-6.2.0.jar:/Users/md.saidurrahmansagor/.m2/repository/org/springframework/boot/spring-boot-starter-test/3.4.0/spring-boot-starter-test-3.4.0.jar:/Users/md.saidurrahmansagor/.m2/repository/org/springframework/boot/spring-boot-test/3.4.0/spring-boot-test-3.4.0.jar:/Users/md.saidurrahmansagor/.m2/repository/org/springframework/boot/spring-boot-test-autoconfigure/3.4.0/spring-boot-test-autoconfigure-3.4.0.jar:/Users/md.saidurrahmansagor/.m2/repository/com/jayway/jsonpath/json-path/2.9.0/json-path-2.9.0.jar:/Users/md.saidurrahmansagor/.m2/repository/org/slf4j/slf4j-api/2.0.16/slf4j-api-2.0.16.jar:/Users/md.saidurrahmansagor/.m2/repository/jakarta/xml/bind/jakarta.xml.bind-api/4.0.2/jakarta.xml.bind-api-4.0.2.jar:/Users/md.saidurrahmansagor/.m2/repository/jakarta/activation/jakarta.activation-api/2.1.3/jakarta.activation-api-2.1.3.jar:/Users/md.saidurrahmansagor/.m2/repository/net/minidev/json-smart/2.5.1/json-smart-2.5.1.jar:/Users/md.saidurrahmansagor/.m2/repository/net/minidev/accessors-smart/2.5.1/accessors-smart-2.5.1.jar:/Users/md.saidurrahmansagor/.m2/repository/org/ow2/asm/asm/9.6/asm-9.6.jar:/Users/md.saidurrahmansagor/.m2/repository/org/assertj/assertj-core/3.26.3/assertj-core-3.26.3.jar:/Users/md.saidurrahmansagor/.m2/repository/net/bytebuddy/byte-buddy/1.15.10/byte-buddy-1.15.10.jar:/Users/md.saidurrahmansagor/.m2/repository/org/awaitility/awaitility/4.2.2/awaitility-4.2.2.jar:/Users/md.saidurrahmansagor/.m2/repository/org/hamcrest/hamcrest/2.2/hamcrest-2.2.jar:/Users/md.saidurrahmansagor/.m2/repository/org/junit/jupiter/junit-jupiter/5.11.3/junit-jupiter-5.11.3.jar:/Users/md.saidurrahmansagor/.m2/repository/org/junit/jupiter/junit-jupiter-api/5.11.3/junit-jupiter-api-5.11.3.jar:/Users/md.saidurrahmansagor/.m2/repository/org/opentest4j/opentest4j/1.3.0/opentest4j-1.3.0.jar:/Users/md.saidurrahmansagor/.m2/repository/org/junit/platform/junit-platform-commons/1.11.3/junit-platform-commons-1.11.3.jar:/Users/md.saidurrahmansagor/.m2/repository/org/apiguardian/apiguardian-api/1.1.2/apiguardian-api-1.1.2.jar:/Users/md.saidurrahmansagor/.m2/repository/org/junit/jupiter/junit-jupiter-params/5.11.3/junit-jupiter-params-5.11.3.jar:/Users/md.saidurrahmansagor/.m2/repository/org/junit/jupiter/junit-jupiter-engine/5.11.3/junit-jupiter-engine-5.11.3.jar:/Users/md.saidurrahmansagor/.m2/repository/org/junit/platform/junit-platform-engine/1.11.3/junit-platform-engine-1.11.3.jar:/Users/md.saidurrahmansagor/.m2/repository/org/mockito/mockito-core/5.14.2/mockito-core-5.14.2.jar:/Users/md.saidurrahmansagor/.m2/repository/net/bytebuddy/byte-buddy-agent/1.15.10/byte-buddy-agent-1.15.10.jar:/Users/md.saidurrahmansagor/.m2/repository/org/objenesis/objenesis/3.3/objenesis-3.3.jar:/Users/md.saidurrahmansagor/.m2/repository/org/mockito/mockito-junit-jupiter/5.14.2/mockito-junit-jupiter-5.14.2.jar:/Users/md.saidurrahmansagor/.m2/repository/org/skyscreamer/jsonassert/1.5.3/jsonassert-1.5.3.jar:/Users/md.saidurrahmansagor/.m2/repository/com/vaadin/external/google/android-json/0.0.20131108.vaadin1/android-json-0.0.20131108.vaadin1.jar:/Users/md.saidurrahmansagor/.m2/repository/org/springframework/spring-core/6.2.0/spring-core-6.2.0.jar:/Users/md.saidurrahmansagor/.m2/repository/org/springframework/spring-jcl/6.2.0/spring-jcl-6.2.0.jar:/Users/md.saidurrahmansagor/.m2/repository/org/springframework/spring-test/6.2.0/spring-test-6.2.0.jar:/Users/md.saidurrahmansagor/.m2/repository/org/xmlunit/xmlunit-core/2.10.0/xmlunit-core-2.10.0.jar:/Users/md.saidurrahmansagor/.m2/repository/org/springframework/spring-beans/6.2.1/spring-beans-6.2.1.jar:"/>
    <property name="sun.cpu.endian" value="little"/>
    <property name="user.home" value="/Users/md.saidurrahmansagor"/>
    <property name="user.language" value="en"/>
    <property name="java.specification.vendor" value="Oracle Corporation"/>
    <property name="java.version.date" value="2024-01-16"/>
    <property name="java.home" value="/Library/Java/JavaVirtualMachines/jdk-21.jdk/Contents/Home"/>
    <property name="file.separator" value="/"/>
    <property name="basedir" value="/Users/md.saidurrahmansagor/Developments/code-warriors-/project/backend/multiplayer-map-service"/>
    <property name="java.vm.compressedOopsMode" value="Zero based"/>
    <property name="line.separator" value="&#10;"/>
    <property name="java.vm.specification.vendor" value="Oracle Corporation"/>
    <property name="java.specification.name" value="Java Platform API Specification"/>
    <property name="FILE_LOG_CHARSET" value="UTF-8"/>
    <property name="java.awt.headless" value="true"/>
    <property name="apple.awt.application.name" value="ForkedBooter"/>
    <property name="surefire.real.class.path" value="/Users/md.saidurrahmansagor/Developments/code-warriors-/project/backend/multiplayer-map-service/target/surefire/surefirebooter-20250426002847845_3.jar"/>
    <property name="sun.management.compiler" value="HotSpot 64-Bit Tiered Compilers"/>
    <property name="ftp.nonProxyHosts" value="local|*.local|169.254/16|*.169.254/16"/>
    <property name="java.runtime.version" value="21.0.2+13-LTS-58"/>
    <property name="user.name" value="md.saidurrahmansagor"/>
    <property name="stdout.encoding" value="UTF-8"/>
    <property name="path.separator" value=":"/>
    <property name="os.version" value="15.1.1"/>
    <property name="java.runtime.name" value="Java(TM) SE Runtime Environment"/>
    <property name="file.encoding" value="UTF-8"/>
    <property name="java.vm.name" value="Java HotSpot(TM) 64-Bit Server VM"/>
    <property name="localRepository" value="/Users/md.saidurrahmansagor/.m2/repository"/>
    <property name="java.vendor.url.bug" value="https://bugreport.java.com/bugreport/"/>
    <property name="java.io.tmpdir" value="/var/folders/8v/5s3svgl52cb3952mpk1k8twr0000gn/T/"/>
    <property name="java.version" value="21.0.2"/>
    <property name="user.dir" value="/Users/md.saidurrahmansagor/Developments/code-warriors-/project/backend/multiplayer-map-service"/>
    <property name="os.arch" value="aarch64"/>
    <property name="java.vm.specification.name" value="Java Virtual Machine Specification"/>
    <property name="PID" value="715"/>
    <property name="CONSOLE_LOG_CHARSET" value="UTF-8"/>
    <property name="native.encoding" value="UTF-8"/>
    <property name="java.library.path" value="/Users/md.saidurrahmansagor/Library/Java/Extensions:/Library/Java/Extensions:/Network/Library/Java/Extensions:/System/Library/Java/Extensions:/usr/lib/java:."/>
    <property name="java.vm.info" value="mixed mode, sharing"/>
    <property name="stderr.encoding" value="UTF-8"/>
    <property name="java.vendor" value="Oracle Corporation"/>
    <property name="java.vm.version" value="21.0.2+13-LTS-58"/>
    <property name="sun.io.unicode.encoding" value="UnicodeBig"/>
    <property name="socksNonProxyHosts" value="local|*.local|169.254/16|*.169.254/16"/>
    <property name="java.class.version" value="65.0"/>
    <property name="LOGGED_APPLICATION_NAME" value="[MetaHive] "/>
  </properties>
  <testcase name="contextLoads" classname="com.map.metahive.MetaHiveApplicationTests" time="0.007">
    <system-out><![CDATA[00:28:49.705 [main] INFO org.springframework.test.context.support.AnnotationConfigContextLoaderUtils -- Could not detect default configuration classes for test class [com.map.metahive.MetaHiveApplicationTests]: MetaHiveApplicationTests does not declare any static, non-private, non-final, nested classes annotated with @Configuration.
00:28:49.818 [main] INFO org.springframework.boot.test.context.SpringBootTestContextBootstrapper -- Found @SpringBootConfiguration com.map.metahive.MetaHiveApplication for test class com.map.metahive.MetaHiveApplicationTests

  .   ____          _            __ _ _
 /\\ / ___'_ __ _ _(_)_ __  __ _ \ \ \ \
( ( )\___ | '_ | '_| | '_ \/ _` | \ \ \ \
 \\/  ___)| |_)| | | | | || (_| |  ) ) ) )
  '  |____| .__|_| |_|_| |_\__, | / / / /
 =========|_|==============|___/=/_/_/_/

 :: Spring Boot ::                (v3.4.0)

2025-04-26T00:28:50.189+06:00  INFO 715 --- [MetaHive] [           main] c.map.metahive.MetaHiveApplicationTests  : Starting MetaHiveApplicationTests using Java 21.0.2 with PID 715 (started by md.saidurrahmansagor in /Users/md.saidurrahmansagor/Developments/code-warriors-/project/backend/multiplayer-map-service)
2025-04-26T00:28:50.190+06:00  INFO 715 --- [MetaHive] [           main] c.map.metahive.MetaHiveApplicationTests  : No active profile set, falling back to 1 default profile: "default"
2025-04-26T00:28:50.843+06:00 DEBUG 715 --- [MetaHive] [           main] o.s.w.s.s.s.WebSocketHandlerMapping      : Patterns [/ws/**] in 'stompWebSocketHandlerMapping'
2025-04-26T00:28:50.888+06:00 DEBUG 715 --- [MetaHive] [           main] .WebSocketAnnotationMethodMessageHandler : 
	c.m.m.c.PlayerController:
	{[MESSAGE],[/createRoom]}: createRoom(CreateRoomRequest)
	{[MESSAGE],[/joinRoom]}: joinRoom(SimpMessageHeaderAccessor,JoinRoomRequest)
	{[MESSAGE],[/register]}: registerPlayer(Player)
	{[MESSAGE],[/move]}: movePlayer(Player)
	{[MESSAGE],[/leaveRoom]}: leaveRoom(LeaveRoomRequest)
2025-04-26T00:28:50.893+06:00 DEBUG 715 --- [MetaHive] [           main] .WebSocketAnnotationMethodMessageHandler : 
	o.s.b.a.w.s.e.BasicErrorController:
	
2025-04-26T00:28:51.110+06:00 DEBUG 715 --- [MetaHive] [           main] o.s.m.s.ExecutorSubscribableChannel      : clientOutboundChannel added SubProtocolWebSocketHandler[StompSubProtocolHandler[v10.stomp, v11.stomp, v12.stomp]]
2025-04-26T00:28:51.111+06:00 DEBUG 715 --- [MetaHive] [           main] o.s.m.s.ExecutorSubscribableChannel      : clientInboundChannel added WebSocketAnnotationMethodMessageHandler[prefixes=[/app/]]
2025-04-26T00:28:51.111+06:00  INFO 715 --- [MetaHive] [           main] o.s.m.s.b.SimpleBrokerMessageHandler     : Starting...
2025-04-26T00:28:51.111+06:00 DEBUG 715 --- [MetaHive] [           main] o.s.m.s.ExecutorSubscribableChannel      : clientInboundChannel added SimpleBrokerMessageHandler [org.springframework.messaging.simp.broker.DefaultSubscriptionRegistry@1d891373]
2025-04-26T00:28:51.111+06:00 DEBUG 715 --- [MetaHive] [           main] o.s.m.s.ExecutorSubscribableChannel      : brokerChannel added SimpleBrokerMessageHandler [org.springframework.messaging.simp.broker.DefaultSubscriptionRegistry@1d891373]
2025-04-26T00:28:51.112+06:00  INFO 715 --- [MetaHive] [           main] o.s.m.s.b.SimpleBrokerMessageHandler     : BrokerAvailabilityEvent[available=true, SimpleBrokerMessageHandler [org.springframework.messaging.simp.broker.DefaultSubscriptionRegistry@1d891373]]
2025-04-26T00:28:51.112+06:00  INFO 715 --- [MetaHive] [           main] o.s.m.s.b.SimpleBrokerMessageHandler     : Started.
2025-04-26T00:28:51.113+06:00 DEBUG 715 --- [MetaHive] [           main] o.s.m.s.ExecutorSubscribableChannel      : clientInboundChannel added UserDestinationMessageHandler[DefaultUserDestinationResolver[prefix=/user/]]
2025-04-26T00:28:51.113+06:00 DEBUG 715 --- [MetaHive] [           main] o.s.m.s.ExecutorSubscribableChannel      : brokerChannel added UserDestinationMessageHandler[DefaultUserDestinationResolver[prefix=/user/]]
2025-04-26T00:28:51.118+06:00  INFO 715 --- [MetaHive] [           main] c.map.metahive.MetaHiveApplicationTests  : Started MetaHiveApplicationTests in 1.168 seconds (process running for 3.206)
]]></system-out>
  </testcase>
</testsuite>